<?xml version="1.0" encoding="UTF-8"?>
<!-- Generated by org.testng.reporters.JUnitReportReporter -->
<testsuite hostname="DESKTOP-U9BEVS1" failures="0" tests="1"
	name="page_class.orange.login_test" time="15.795" errors="0"
	timestamp="2021-06-02T00:09:06 IST" skipped="0">
	<testcase classname="page_class.orange.login_test"
		name="verifylogin" time="15.795" />
</testsuite> <!-- page_class.orange.login_test -->
